0001_0017_0023_0069_0069.jpg 1 17 23 69 69
0002_0023_0049_0026_0026.jpg 1 23 49 26 26
0003_0009_0023_0069_0069.jpg 1 9 23 69 69
0004_0012_0009_0044_0044.jpg 1 12 9 44 44
0005_0029_0028_0050_0050.jpg 1 29 28 50 50
0006_0023_0008_0067_0067.jpg 1 23 8 67 67
0007_0037_0038_0048_0048.jpg 1 37 38 48 48
0008_0011_0050_0043_0043.jpg 1 11 50 43 43
0009_0028_0025_0063_0063.jpg 1 28 25 63 63
0010_0038_0029_0054_0054.jpg 1 38 29 54 54
0011_0018_0053_0038_0038.jpg 1 18 53 38 38
0012_0032_0012_0055_0055.jpg 1 32 12 55 55
0013_0036_0047_0037_0037.jpg 1 36 47 37 37
0014_0029_0044_0045_0045.jpg 1 29 44 45 45
0015_0020_0005_0046_0046.jpg 1 20 5 46 46
0016_0029_0058_0026_0026.jpg 1 29 58 26 26
0017_0061_0033_0029_0029.jpg 1 61 33 29 29
0018_0022_0032_0032_0032.jpg 1 22 32 32 32
0019_0004_0012_0066_0066.jpg 1 4 12 66 66
0020_0061_0033_0030_0030.jpg 1 61 33 30 30
0021_0004_0010_0064_0064.jpg 1 4 10 64 64
0022_0007_0022_0065_0065.jpg 1 7 22 65 65
0023_0025_0028_0047_0047.jpg 1 25 28 47 47
0024_0007_0009_0066_0066.jpg 1 7 9 66 66
0025_0005_0028_0054_0054.jpg 1 5 28 54 54
0026_0037_0052_0037_0037.jpg 1 37 52 37 37
0027_0035_0049_0032_0032.jpg 1 35 49 32 32
0028_0042_0036_0030_0030.jpg 1 42 36 30 30
0029_0065_0015_0027_0027.jpg 1 65 15 27 27
0030_0024_0015_0060_0060.jpg 1 24 15 60 60
0031_0013_0019_0053_0053.jpg 1 13 19 53 53
0032_0004_0014_0065_0065.jpg 1 4 14 65 65
0033_0013_0016_0049_0049.jpg 1 13 16 49 49
0034_0057_0053_0032_0032.jpg 1 57 53 32 32
0035_0032_0051_0030_0030.jpg 1 32 51 30 30
0036_0021_0004_0062_0062.jpg 1 21 4 62 62
0037_0050_0012_0030_0030.jpg 1 50 12 30 30
0038_0031_0028_0044_0044.jpg 1 31 28 44 44
0039_0009_0033_0048_0048.jpg 1 9 33 48 48
0040_0049_0024_0043_0043.jpg 1 49 24 43 43
0041_0015_0036_0053_0053.jpg 1 15 36 53 53
0042_0039_0040_0052_0052.jpg 1 39 40 52 52
0043_0032_0017_0035_0035.jpg 1 32 17 35 35
0044_0015_0035_0043_0043.jpg 1 15 35 43 43
0045_0035_0060_0031_0031.jpg 1 35 60 31 31
0046_0022_0039_0029_0029.jpg 1 22 39 29 29
0047_0027_0037_0035_0035.jpg 1 27 37 35 35
0048_0006_0016_0053_0053.jpg 1 6 16 53 53
0049_0026_0029_0065_0065.jpg 1 26 29 65 65
0050_0022_0013_0058_0058.jpg 1 22 13 58 58
0051_0028_0012_0057_0057.jpg 1 28 12 57 57
0052_0015_0014_0053_0053.jpg 1 15 14 53 53
0053_0025_0014_0028_0028.jpg 1 25 14 28 28
0054_0056_0047_0026_0026.jpg 1 56 47 26 26
0055_0056_0031_0032_0032.jpg 1 56 31 32 32
0056_0010_0018_0052_0052.jpg 1 10 18 52 52
0057_0026_0022_0032_0032.jpg 1 26 22 32 32
0058_0026_0011_0066_0066.jpg 1 26 11 66 66
0059_0019_0013_0066_0066.jpg 1 19 13 66 66
0060_0026_0041_0041_0041.jpg 1 26 41 41 41
0061_0004_0015_0066_0066.jpg 1 4 15 66 66
0062_0014_0024_0053_0053.jpg 1 14 24 53 53
0063_0021_0013_0036_0036.jpg 1 21 13 36 36
0064_0059_0025_0031_0031.jpg 1 59 25 31 31
0065_0016_0028_0068_0068.jpg 1 16 28 68 68
0066_0007_0035_0050_0050.jpg 1 7 35 50 50
0067_0037_0043_0033_0033.jpg 1 37 43 33 33
0068_0045_0058_0028_0028.jpg 1 45 58 28 28
0069_0017_0005_0051_0051.jpg 1 17 5 51 51
0070_0009_0050_0031_0031.jpg 1 9 50 31 31
0071_0021_0006_0055_0055.jpg 1 21 6 55 55
0072_0038_0009_0046_0046.jpg 1 38 9 46 46
0073_0015_0006_0069_0069.jpg 1 15 6 69 69
0074_0031_0033_0061_0061.jpg 1 31 33 61 61
0075_0026_0010_0037_0037.jpg 1 26 10 37 37
0076_0015_0010_0054_0054.jpg 1 15 10 54 54
0077_0007_0038_0036_0036.jpg 1 7 38 36 36
0078_0049_0019_0028_0028.jpg 1 49 19 28 28
0079_0014_0028_0056_0056.jpg 1 14 28 56 56
0080_0008_0014_0041_0041.jpg 1 8 14 41 41
0081_0039_0046_0040_0040.jpg 1 39 46 40 40
0082_0045_0021_0046_0046.jpg 1 45 21 46 46
0083_0024_0006_0043_0043.jpg 1 24 6 43 43
0084_0035_0028_0053_0053.jpg 1 35 28 53 53
0085_0027_0015_0037_0037.jpg 1 27 15 37 37
0086_0021_0038_0028_0028.jpg 1 21 38 28 28
0087_0007_0023_0064_0064.jpg 1 7 23 64 64
0088_0025_0021_0028_0028.jpg 1 25 21 28 28
0089_0012_0018_0054_0054.jpg 1 12 18 54 54
0090_0010_0044_0029_0029.jpg 1 10 44 29 29
0091_0027_0018_0050_0050.jpg 1 27 18 50 50
0092_0035_0014_0053_0053.jpg 1 35 14 53 53
0093_0020_0017_0036_0036.jpg 1 20 17 36 36
0094_0018_0004_0069_0069.jpg 1 18 4 69 69
0095_0021_0012_0062_0062.jpg 1 21 12 62 62
0096_0025_0008_0062_0062.jpg 1 25 8 62 62
0097_0026_0028_0040_0040.jpg 1 26 28 40 40
0098_0045_0024_0025_0025.jpg 1 45 24 25 25
0099_0037_0049_0031_0031.jpg 1 37 49 31 31
0100_0020_0022_0038_0038.jpg 1 20 22 38 38
0101_0020_0045_0036_0036.jpg 1 20 45 36 36
0102_0012_0026_0033_0033.jpg 1 12 26 33 33
0103_0037_0057_0036_0036.jpg 1 37 57 36 36
0104_0027_0007_0066_0066.jpg 1 27 7 66 66
0105_0023_0022_0054_0054.jpg 1 23 22 54 54
0106_0051_0051_0024_0024.jpg 1 51 51 24 24
0107_0024_0037_0051_0051.jpg 1 24 37 51 51
0108_0008_0017_0060_0060.jpg 1 8 17 60 60
0109_0016_0020_0056_0056.jpg 1 16 20 56 56
0110_0027_0024_0034_0034.jpg 1 27 24 34 34
0111_0014_0009_0069_0069.jpg 1 14 9 69 69
0112_0011_0022_0042_0042.jpg 1 11 22 42 42
0113_0031_0052_0034_0034.jpg 1 31 52 34 34
0114_0038_0008_0033_0033.jpg 1 38 8 33 33
0115_0006_0005_0051_0051.jpg 1 6 5 51 51
0116_0007_0036_0055_0055.jpg 1 7 36 55 55
0117_0021_0027_0068_0068.jpg 1 21 27 68 68
0118_0033_0050_0030_0030.jpg 1 33 50 30 30
0119_0017_0008_0058_0058.jpg 1 17 8 58 58
0120_0011_0038_0055_0055.jpg 1 11 38 55 55
0121_0032_0030_0059_0059.jpg 1 32 30 59 59
0122_0016_0053_0028_0028.jpg 1 16 53 28 28
0123_0034_0032_0039_0039.jpg 1 34 32 39 39
0124_0042_0022_0041_0041.jpg 1 42 22 41 41
0125_0018_0008_0049_0049.jpg 1 18 8 49 49
0126_0032_0010_0047_0047.jpg 1 32 10 47 47
0127_0038_0020_0043_0043.jpg 1 38 20 43 43
0128_0034_0018_0059_0059.jpg 1 34 18 59 59
0129_0020_0038_0047_0047.jpg 1 20 38 47 47
0130_0015_0028_0037_0037.jpg 1 15 28 37 37
0131_0018_0006_0054_0054.jpg 1 18 6 54 54
0132_0030_0036_0045_0045.jpg 1 30 36 45 45
0133_0039_0040_0042_0042.jpg 1 39 40 42 42
0134_0009_0016_0048_0048.jpg 1 9 16 48 48
0135_0006_0011_0068_0068.jpg 1 6 11 68 68
0136_0019_0036_0048_0048.jpg 1 19 36 48 48
0137_0006_0027_0066_0066.jpg 1 6 27 66 66
0138_0016_0042_0028_0028.jpg 1 16 42 28 28
0139_0035_0031_0056_0056.jpg 1 35 31 56 56
0140_0032_0015_0058_0058.jpg 1 32 15 58 58
0141_0043_0058_0033_0033.jpg 1 43 58 33 33
0142_0048_0047_0024_0024.jpg 1 48 47 24 24
0143_0026_0014_0065_0065.jpg 1 26 14 65 65
0144_0054_0014_0035_0035.jpg 1 54 14 35 35
0145_0008_0010_0051_0051.jpg 1 8 10 51 51
0146_0013_0034_0040_0040.jpg 1 13 34 40 40
0147_0038_0004_0054_0054.jpg 1 38 4 54 54
0148_0012_0004_0063_0063.jpg 1 12 4 63 63
0149_0034_0009_0028_0028.jpg 1 34 9 28 28
0150_0026_0031_0055_0055.jpg 1 26 31 55 55
0151_0009_0038_0050_0050.jpg 1 9 38 50 50
0152_0059_0013_0031_0031.jpg 1 59 13 31 31
0153_0033_0012_0042_0042.jpg 1 33 12 42 42
0154_0032_0005_0056_0056.jpg 1 32 5 56 56
0155_0020_0007_0061_0061.jpg 1 20 7 61 61
0156_0010_0051_0024_0024.jpg 1 10 51 24 24
0157_0008_0016_0059_0059.jpg 1 8 16 59 59
0158_0047_0044_0039_0039.jpg 1 47 44 39 39
0159_0025_0028_0028_0028.jpg 1 25 28 28 28
0160_0039_0028_0032_0032.jpg 1 39 28 32 32
0161_0015_0035_0053_0053.jpg 1 15 35 53 53
0162_0026_0015_0056_0056.jpg 1 26 15 56 56
0163_0032_0014_0055_0055.jpg 1 32 14 55 55
0164_0005_0007_0062_0062.jpg 1 5 7 62 62
0165_0010_0058_0024_0024.jpg 1 10 58 24 24
0166_0011_0012_0045_0045.jpg 1 11 12 45 45
0167_0030_0009_0056_0056.jpg 1 30 9 56 56
0168_0008_0025_0051_0051.jpg 1 8 25 51 51
0169_0026_0023_0067_0067.jpg 1 26 23 67 67
0170_0047_0016_0036_0036.jpg 1 47 16 36 36
0171_0015_0018_0043_0043.jpg 1 15 18 43 43
0172_0045_0047_0037_0037.jpg 1 45 47 37 37
0173_0004_0016_0065_0065.jpg 1 4 16 65 65
0174_0013_0024_0050_0050.jpg 1 13 24 50 50
0175_0036_0031_0059_0059.jpg 1 36 31 59 59
0176_0006_0048_0041_0041.jpg 1 6 48 41 41
0177_0008_0015_0061_0061.jpg 1 8 15 61 61
0178_0021_0040_0043_0043.jpg 1 21 40 43 43
0179_0020_0014_0052_0052.jpg 1 20 14 52 52
0180_0054_0050_0028_0028.jpg 1 54 50 28 28
0181_0037_0034_0031_0031.jpg 1 37 34 31 31
0182_0005_0019_0067_0067.jpg 1 5 19 67 67
0183_0018_0013_0033_0033.jpg 1 18 13 33 33
0184_0028_0012_0045_0045.jpg 1 28 12 45 45
0185_0061_0058_0027_0027.jpg 1 61 58 27 27
0186_0037_0018_0044_0044.jpg 1 37 18 44 44
0187_0023_0019_0067_0067.jpg 1 23 19 67 67
0188_0031_0021_0058_0058.jpg 1 31 21 58 58
0189_0027_0025_0057_0057.jpg 1 27 25 57 57
0190_0021_0014_0025_0025.jpg 1 21 14 25 25
0191_0014_0011_0030_0030.jpg 1 14 11 30 30
0192_0017_0008_0030_0030.jpg 1 17 8 30 30
0193_0025_0008_0048_0048.jpg 1 25 8 48 48
0194_0005_0015_0060_0060.jpg 1 5 15 60 60
0195_0047_0047_0030_0030.jpg 1 47 47 30 30
0196_0008_0006_0042_0042.jpg 1 8 6 42 42
0197_0030_0044_0050_0050.jpg 1 30 44 50 50
0198_0054_0014_0032_0032.jpg 1 54 14 32 32
0199_0009_0010_0068_0068.jpg 1 9 10 68 68
0200_0029_0025_0054_0054.jpg 1 29 25 54 54
0201_0006_0016_0037_0037.jpg 1 6 16 37 37
0202_0018_0023_0054_0054.jpg 1 18 23 54 54
0203_0050_0023_0042_0042.jpg 1 50 23 42 42
0204_0059_0048_0024_0024.jpg 1 59 48 24 24
0205_0032_0018_0031_0031.jpg 1 32 18 31 31
0206_0054_0031_0037_0037.jpg 1 54 31 37 37
0207_0020_0016_0028_0028.jpg 1 20 16 28 28
0208_0017_0032_0038_0038.jpg 1 17 32 38 38
0209_0038_0012_0054_0054.jpg 1 38 12 54 54
0210_0030_0024_0028_0028.jpg 1 30 24 28 28
0211_0005_0005_0069_0069.jpg 1 5 5 69 69
0212_0016_0007_0038_0038.jpg 1 16 7 38 38
0213_0021_0017_0044_0044.jpg 1 21 17 44 44
0214_0060_0012_0027_0027.jpg 1 60 12 27 27
0215_0033_0035_0041_0041.jpg 1 33 35 41 41
0216_0036_0020_0057_0057.jpg 1 36 20 57 57
0217_0036_0025_0051_0051.jpg 1 36 25 51 51
0218_0008_0011_0068_0068.jpg 1 8 11 68 68
0219_0048_0010_0041_0041.jpg 1 48 10 41 41
0220_0028_0023_0052_0052.jpg 1 28 23 52 52
0221_0009_0027_0032_0032.jpg 1 9 27 32 32
0222_0037_0021_0029_0029.jpg 1 37 21 29 29
0223_0011_0021_0067_0067.jpg 1 11 21 67 67
0224_0034_0018_0046_0046.jpg 1 34 18 46 46
0225_0017_0019_0062_0062.jpg 1 17 19 62 62
0226_0034_0044_0050_0050.jpg 1 34 44 50 50
0227_0036_0051_0031_0031.jpg 1 36 51 31 31
0228_0006_0011_0046_0046.jpg 1 6 11 46 46
0229_0012_0023_0061_0061.jpg 1 12 23 61 61
0230_0027_0021_0060_0060.jpg 1 27 21 60 60
0231_0034_0055_0033_0033.jpg 1 34 55 33 33
0232_0004_0012_0051_0051.jpg 1 4 12 51 51
0233_0024_0015_0031_0031.jpg 1 24 15 31 31
0234_0053_0010_0039_0039.jpg 1 53 10 39 39
0235_0021_0025_0067_0067.jpg 1 21 25 67 67
0236_0028_0006_0064_0064.jpg 1 28 6 64 64
0237_0023_0007_0050_0050.jpg 1 23 7 50 50
0238_0008_0018_0057_0057.jpg 1 8 18 57 57
0239_0007_0034_0050_0050.jpg 1 7 34 50 50
0240_0051_0016_0043_0043.jpg 1 51 16 43 43
0241_0018_0009_0028_0028.jpg 1 18 9 28 28
0242_0057_0055_0026_0026.jpg 1 57 55 26 26
0243_0054_0029_0035_0035.jpg 1 54 29 35 35
0244_0017_0022_0064_0064.jpg 1 17 22 64 64
0245_0022_0017_0069_0069.jpg 1 22 17 69 69
0246_0010_0016_0053_0053.jpg 1 10 16 53 53
0247_0032_0021_0029_0029.jpg 1 32 21 29 29
0248_0028_0032_0057_0057.jpg 1 28 32 57 57
0249_0039_0044_0045_0045.jpg 1 39 44 45 45
0250_0039_0045_0044_0044.jpg 1 39 45 44 44
0251_0028_0020_0056_0056.jpg 1 28 20 56 56
0252_0028_0051_0035_0035.jpg 1 28 51 35 35
0253_0038_0024_0056_0056.jpg 1 38 24 56 56
0254_0028_0009_0064_0064.jpg 1 28 9 64 64
0255_0038_0049_0026_0026.jpg 1 38 49 26 26
0256_0027_0021_0044_0044.jpg 1 27 21 44 44
0257_0016_0023_0047_0047.jpg 1 16 23 47 47
0258_0033_0029_0041_0041.jpg 1 33 29 41 41
0259_0019_0032_0024_0024.jpg 1 19 32 24 24
0260_0039_0041_0032_0032.jpg 1 39 41 32 32
0261_0040_0006_0045_0045.jpg 1 40 6 45 45
0262_0027_0010_0068_0068.jpg 1 27 10 68 68
0263_0014_0057_0032_0032.jpg 1 14 57 32 32
0264_0020_0051_0038_0038.jpg 1 20 51 38 38
0265_0010_0038_0056_0056.jpg 1 10 38 56 56
0266_0057_0017_0032_0032.jpg 1 57 17 32 32
0267_0004_0015_0062_0062.jpg 1 4 15 62 62
0268_0020_0014_0047_0047.jpg 1 20 14 47 47
0269_0012_0063_0026_0026.jpg 1 12 63 26 26
0270_0009_0023_0036_0036.jpg 1 9 23 36 36
0271_0018_0020_0051_0051.jpg 1 18 20 51 51
0272_0057_0051_0025_0025.jpg 1 57 51 25 25
0273_0025_0032_0062_0062.jpg 1 25 32 62 62
0274_0034_0026_0031_0031.jpg 1 34 26 31 31
0275_0004_0023_0067_0067.jpg 1 4 23 67 67
0276_0023_0018_0059_0059.jpg 1 23 18 59 59
0277_0009_0025_0044_0044.jpg 1 9 25 44 44
0278_0017_0043_0024_0024.jpg 1 17 43 24 24
0279_0029_0023_0056_0056.jpg 1 29 23 56 56
0280_0027_0016_0044_0044.jpg 1 27 16 44 44
0281_0028_0030_0053_0053.jpg 1 28 30 53 53
0282_0010_0025_0058_0058.jpg 1 10 25 58 58
0283_0010_0037_0049_0049.jpg 1 10 37 49 49
0284_0009_0017_0057_0057.jpg 1 9 17 57 57
0285_0036_0024_0033_0033.jpg 1 36 24 33 33
0286_0030_0008_0065_0065.jpg 1 30 8 65 65
0287_0037_0009_0058_0058.jpg 1 37 9 58 58
0288_0018_0032_0031_0031.jpg 1 18 32 31 31
0289_0016_0045_0048_0048.jpg 1 16 45 48 48
0290_0029_0025_0049_0049.jpg 1 29 25 49 49
0291_0046_0057_0029_0029.jpg 1 46 57 29 29
0292_0010_0012_0057_0057.jpg 1 10 12 57 57
0293_0018_0026_0037_0037.jpg 1 18 26 37 37
0294_0027_0032_0040_0040.jpg 1 27 32 40 40
0295_0044_0052_0039_0039.jpg 1 44 52 39 39
0296_0054_0046_0036_0036.jpg 1 54 46 36 36
0297_0020_0008_0058_0058.jpg 1 20 8 58 58
0298_0022_0039_0045_0045.jpg 1 22 39 45 45
0299_0012_0042_0038_0038.jpg 1 12 42 38 38
0300_0048_0048_0027_0027.jpg 1 48 48 27 27
0301_0041_0041_0028_0028.jpg 1 41 41 28 28
0302_0017_0016_0024_0024.jpg 1 17 16 24 24
0303_0040_0024_0048_0048.jpg 1 40 24 48 48
0304_0024_0062_0029_0029.jpg 1 24 62 29 29
0305_0056_0014_0028_0028.jpg 1 56 14 28 28
0306_0062_0056_0024_0024.jpg 1 62 56 24 24
0307_0035_0038_0045_0045.jpg 1 35 38 45 45
0308_0018_0010_0054_0054.jpg 1 18 10 54 54
0309_0016_0006_0066_0066.jpg 1 16 6 66 66
0310_0010_0017_0066_0066.jpg 1 10 17 66 66
0311_0015_0028_0051_0051.jpg 1 15 28 51 51
0312_0040_0022_0054_0054.jpg 1 40 22 54 54
0313_0005_0023_0063_0063.jpg 1 5 23 63 63
0314_0031_0023_0055_0055.jpg 1 31 23 55 55
0315_0022_0017_0062_0062.jpg 1 22 17 62 62
0316_0009_0050_0042_0042.jpg 1 9 50 42 42
0317_0033_0061_0027_0027.jpg 1 33 61 27 27
0318_0013_0020_0054_0054.jpg 1 13 20 54 54
0319_0026_0015_0034_0034.jpg 1 26 15 34 34
0320_0037_0033_0040_0040.jpg 1 37 33 40 40
0321_0020_0023_0026_0026.jpg 1 20 23 26 26
0322_0040_0029_0044_0044.jpg 1 40 29 44 44
0323_0012_0058_0025_0025.jpg 1 12 58 25 25
0324_0048_0031_0035_0035.jpg 1 48 31 35 35
0325_0021_0057_0028_0028.jpg 1 21 57 28 28
0326_0039_0046_0032_0032.jpg 1 39 46 32 32
0327_0021_0019_0026_0026.jpg 1 21 19 26 26
0328_0003_0004_0068_0068.jpg 1 3 4 68 68
0329_0011_0013_0058_0058.jpg 1 11 13 58 58
0330_0029_0028_0065_0065.jpg 1 29 28 65 65
0331_0054_0042_0031_0031.jpg 1 54 42 31 31
0332_0031_0034_0061_0061.jpg 1 31 34 61 61
0333_0017_0012_0048_0048.jpg 1 17 12 48 48
0334_0045_0038_0048_0048.jpg 1 45 38 48 48
0335_0018_0036_0031_0031.jpg 1 18 36 31 31
0336_0019_0032_0032_0032.jpg 1 19 32 32 32
0337_0008_0018_0032_0032.jpg 1 8 18 32 32
0338_0025_0047_0040_0040.jpg 1 25 47 40 40
0339_0016_0005_0065_0065.jpg 1 16 5 65 65
0340_0018_0020_0045_0045.jpg 1 18 20 45 45
0341_0009_0017_0059_0059.jpg 1 9 17 59 59
0342_0019_0046_0026_0026.jpg 1 19 46 26 26
0343_0005_0034_0047_0047.jpg 1 5 34 47 47
0344_0035_0053_0025_0025.jpg 1 35 53 25 25
0345_0007_0040_0046_0046.jpg 1 7 40 46 46
0346_0023_0031_0044_0044.jpg 1 23 31 44 44
0347_0009_0016_0069_0069.jpg 1 9 16 69 69
0348_0018_0014_0058_0058.jpg 1 18 14 58 58
0349_0022_0008_0058_0058.jpg 1 22 8 58 58
0350_0008_0021_0030_0030.jpg 1 8 21 30 30
0351_0028_0022_0025_0025.jpg 1 28 22 25 25
0352_0019_0020_0061_0061.jpg 1 19 20 61 61
0353_0029_0027_0037_0037.jpg 1 29 27 37 37
0354_0023_0032_0055_0055.jpg 1 23 32 55 55
0355_0035_0015_0060_0060.jpg 1 35 15 60 60
0356_0025_0013_0054_0054.jpg 1 25 13 54 54
0357_0013_0006_0044_0044.jpg 1 13 6 44 44
0358_0010_0031_0035_0035.jpg 1 10 31 35 35
0359_0014_0014_0044_0044.jpg 1 14 14 44 44
0360_0032_0042_0041_0041.jpg 1 32 42 41 41
0361_0055_0013_0027_0027.jpg 1 55 13 27 27
0362_0041_0037_0040_0040.jpg 1 41 37 40 40
0363_0041_0028_0035_0035.jpg 1 41 28 35 35
0364_0014_0026_0056_0056.jpg 1 14 26 56 56
0365_0043_0011_0032_0032.jpg 1 43 11 32 32
0366_0026_0027_0056_0056.jpg 1 26 27 56 56
0367_0031_0018_0058_0058.jpg 1 31 18 58 58
0368_0005_0008_0053_0053.jpg 1 5 8 53 53
0369_0035_0027_0053_0053.jpg 1 35 27 53 53
0370_0030_0018_0035_0035.jpg 1 30 18 35 35
0371_0030_0031_0063_0063.jpg 1 30 31 63 63
0372_0055_0008_0037_0037.jpg 1 55 8 37 37
0373_0024_0015_0057_0057.jpg 1 24 15 57 57
0374_0049_0036_0043_0043.jpg 1 49 36 43 43
0375_0009_0040_0026_0026.jpg 1 9 40 26 26
0376_0037_0008_0050_0050.jpg 1 37 8 50 50
0377_0003_0017_0069_0069.jpg 1 3 17 69 69
0378_0032_0018_0039_0039.jpg 1 32 18 39 39
0379_0039_0024_0037_0037.jpg 1 39 24 37 37
0380_0019_0034_0051_0051.jpg 1 19 34 51 51
0381_0017_0006_0049_0049.jpg 1 17 6 49 49
0382_0058_0034_0027_0027.jpg 1 58 34 27 27
0383_0015_0009_0069_0069.jpg 1 15 9 69 69
0384_0014_0009_0065_0065.jpg 1 14 9 65 65
0385_0014_0009_0066_0066.jpg 1 14 9 66 66
0386_0043_0008_0024_0024.jpg 1 43 8 24 24
0387_0023_0046_0041_0041.jpg 1 23 46 41 41
0388_0008_0051_0033_0033.jpg 1 8 51 33 33
0389_0012_0043_0045_0045.jpg 1 12 43 45 45
0390_0013_0027_0056_0056.jpg 1 13 27 56 56
0391_0061_0054_0025_0025.jpg 1 61 54 25 25
0392_0006_0005_0058_0058.jpg 1 6 5 58 58
0393_0009_0051_0035_0035.jpg 1 9 51 35 35
0394_0046_0027_0039_0039.jpg 1 46 27 39 39
0395_0046_0026_0043_0043.jpg 1 46 26 43 43
0396_0009_0054_0030_0030.jpg 1 9 54 30 30
0397_0021_0036_0042_0042.jpg 1 21 36 42 42
0398_0042_0013_0050_0050.jpg 1 42 13 50 50
0399_0008_0033_0051_0051.jpg 1 8 33 51 51
0400_0036_0050_0024_0024.jpg 1 36 50 24 24
0401_0030_0029_0028_0028.jpg 1 30 29 28 28
0402_0012_0033_0061_0061.jpg 1 12 33 61 61
0403_0019_0028_0031_0031.jpg 1 19 28 31 31
0404_0049_0031_0029_0029.jpg 1 49 31 29 29
0405_0025_0008_0037_0037.jpg 1 25 8 37 37
0406_0026_0016_0068_0068.jpg 1 26 16 68 68
0407_0026_0051_0040_0040.jpg 1 26 51 40 40
0408_0043_0054_0034_0034.jpg 1 43 54 34 34
0409_0029_0033_0036_0036.jpg 1 29 33 36 36
0410_0050_0032_0027_0027.jpg 1 50 32 27 27
0411_0022_0048_0039_0039.jpg 1 22 48 39 39
0412_0030_0022_0044_0044.jpg 1 30 22 44 44
0413_0053_0040_0033_0033.jpg 1 53 40 33 33
0414_0031_0035_0058_0058.jpg 1 31 35 58 58
0415_0014_0047_0037_0037.jpg 1 14 47 37 37
0416_0019_0010_0062_0062.jpg 1 19 10 62 62
0417_0047_0005_0044_0044.jpg 1 47 5 44 44
0418_0028_0021_0035_0035.jpg 1 28 21 35 35
0419_0033_0031_0058_0058.jpg 1 33 31 58 58
0420_0016_0021_0044_0044.jpg 1 16 21 44 44
0421_0026_0008_0033_0033.jpg 1 26 8 33 33
0422_0022_0038_0024_0024.jpg 1 22 38 24 24
0423_0051_0051_0036_0036.jpg 1 51 51 36 36
0424_0015_0006_0032_0032.jpg 1 15 6 32 32
0425_0009_0012_0057_0057.jpg 1 9 12 57 57
0426_0026_0048_0025_0025.jpg 1 26 48 25 25
0427_0025_0009_0060_0060.jpg 1 25 9 60 60
0428_0029_0043_0043_0043.jpg 1 29 43 43 43
0429_0014_0010_0061_0061.jpg 1 14 10 61 61
0430_0013_0041_0033_0033.jpg 1 13 41 33 33
0431_0025_0030_0061_0061.jpg 1 25 30 61 61
0432_0052_0020_0041_0041.jpg 1 52 20 41 41
0433_0033_0052_0035_0035.jpg 1 33 52 35 35
0434_0029_0020_0035_0035.jpg 1 29 20 35 35
0435_0008_0021_0058_0058.jpg 1 8 21 58 58
0436_0007_0053_0028_0028.jpg 1 7 53 28 28
0437_0016_0033_0041_0041.jpg 1 16 33 41 41
0438_0043_0028_0033_0033.jpg 1 43 28 33 33
0439_0009_0034_0061_0061.jpg 1 9 34 61 61
0440_0044_0033_0030_0030.jpg 1 44 33 30 30
0441_0024_0007_0066_0066.jpg 1 24 7 66 66
0442_0011_0010_0069_0069.jpg 1 11 10 69 69
0443_0021_0024_0060_0060.jpg 1 21 24 60 60
0444_0010_0007_0069_0069.jpg 1 10 7 69 69
0445_0028_0021_0060_0060.jpg 1 28 21 60 60
0446_0025_0008_0068_0068.jpg 1 25 8 68 68
0447_0061_0030_0026_0026.jpg 1 61 30 26 26
0448_0056_0034_0025_0025.jpg 1 56 34 25 25
0449_0033_0019_0040_0040.jpg 1 33 19 40 40
0450_0009_0012_0050_0050.jpg 1 9 12 50 50
0451_0027_0038_0033_0033.jpg 1 27 38 33 33
0452_0008_0022_0033_0033.jpg 1 8 22 33 33
0453_0066_0065_0024_0024.jpg 1 66 65 24 24
0454_0006_0027_0068_0068.jpg 1 6 27 68 68
0455_0015_0025_0060_0060.jpg 1 15 25 60 60
0456_0034_0014_0030_0030.jpg 1 34 14 30 30
0457_0010_0010_0034_0034.jpg 1 10 10 34 34
0458_0008_0039_0034_0034.jpg 1 8 39 34 34
0459_0030_0058_0032_0032.jpg 1 30 58 32 32
0460_0024_0036_0048_0048.jpg 1 24 36 48 48
0461_0030_0022_0045_0045.jpg 1 30 22 45 45
0462_0007_0045_0038_0038.jpg 1 7 45 38 38
0463_0033_0022_0062_0062.jpg 1 33 22 62 62
0464_0016_0034_0052_0052.jpg 1 16 34 52 52
0465_0008_0015_0052_0052.jpg 1 8 15 52 52
0466_0038_0052_0035_0035.jpg 1 38 52 35 35
0467_0028_0029_0061_0061.jpg 1 28 29 61 61
0468_0007_0020_0039_0039.jpg 1 7 20 39 39
0469_0025_0017_0025_0025.jpg 1 25 17 25 25
0470_0019_0018_0062_0062.jpg 1 19 18 62 62
0471_0057_0061_0031_0031.jpg 1 57 61 31 31
0472_0012_0027_0045_0045.jpg 1 12 27 45 45
0473_0026_0011_0061_0061.jpg 1 26 11 61 61
0474_0010_0016_0024_0024.jpg 1 10 16 24 24
0475_0065_0013_0024_0024.jpg 1 65 13 24 24
0476_0014_0046_0027_0027.jpg 1 14 46 27 27
0477_0042_0052_0035_0035.jpg 1 42 52 35 35
0478_0023_0014_0036_0036.jpg 1 23 14 36 36
0479_0011_0018_0049_0049.jpg 1 11 18 49 49
0480_0027_0030_0025_0025.jpg 1 27 30 25 25
0481_0021_0032_0026_0026.jpg 1 21 32 26 26
0482_0052_0015_0040_0040.jpg 1 52 15 40 40
0483_0015_0015_0057_0057.jpg 1 15 15 57 57
0484_0034_0024_0056_0056.jpg 1 34 24 56 56
0485_0024_0021_0034_0034.jpg 1 24 21 34 34
0486_0015_0013_0051_0051.jpg 1 15 13 51 51
0487_0014_0034_0060_0060.jpg 1 14 34 60 60
0488_0032_0036_0034_0034.jpg 1 32 36 34 34
0489_0019_0032_0037_0037.jpg 1 19 32 37 37
0490_0015_0014_0052_0052.jpg 1 15 14 52 52
0491_0017_0017_0067_0067.jpg 1 17 17 67 67
0492_0030_0024_0024_0024.jpg 1 30 24 24 24
0493_0014_0023_0068_0068.jpg 1 14 23 68 68
0494_0037_0004_0057_0057.jpg 1 37 4 57 57
0495_0028_0010_0032_0032.jpg 1 28 10 32 32
0496_0035_0035_0054_0054.jpg 1 35 35 54 54
0497_0019_0019_0036_0036.jpg 1 19 19 36 36
0498_0034_0019_0055_0055.jpg 1 34 19 55 55
0499_0012_0021_0068_0068.jpg 1 12 21 68 68
0500_0029_0025_0045_0045.jpg 1 29 25 45 45
0501_0032_0034_0057_0057.jpg 1 32 34 57 57
0502_0012_0017_0068_0068.jpg 1 12 17 68 68
0503_0025_0043_0024_0024.jpg 1 25 43 24 24
0504_0032_0017_0040_0040.jpg 1 32 17 40 40
0505_0032_0015_0053_0053.jpg 1 32 15 53 53
0506_0027_0008_0062_0062.jpg 1 27 8 62 62
0507_0013_0008_0041_0041.jpg 1 13 8 41 41
0508_0018_0064_0024_0024.jpg 1 18 64 24 24
0509_0021_0014_0067_0067.jpg 1 21 14 67 67
0510_0029_0042_0041_0041.jpg 1 29 42 41 41
0511_0017_0015_0029_0029.jpg 1 17 15 29 29
0512_0007_0004_0055_0055.jpg 1 7 4 55 55
0513_0041_0059_0029_0029.jpg 1 41 59 29 29
0514_0021_0015_0044_0044.jpg 1 21 15 44 44
0515_0027_0027_0048_0048.jpg 1 27 27 48 48
0516_0027_0024_0059_0059.jpg 1 27 24 59 59
0517_0007_0016_0041_0041.jpg 1 7 16 41 41
0518_0011_0005_0060_0060.jpg 1 11 5 60 60
0519_0011_0020_0032_0032.jpg 1 11 20 32 32
0520_0010_0019_0028_0028.jpg 1 10 19 28 28
0521_0020_0047_0036_0036.jpg 1 20 47 36 36
0522_0012_0016_0056_0056.jpg 1 12 16 56 56
0523_0009_0013_0051_0051.jpg 1 9 13 51 51
0524_0011_0055_0036_0036.jpg 1 11 55 36 36
0525_0023_0028_0033_0033.jpg 1 23 28 33 33
0526_0017_0017_0047_0047.jpg 1 17 17 47 47
0527_0016_0015_0062_0062.jpg 1 16 15 62 62
0528_0005_0023_0064_0064.jpg 1 5 23 64 64
0529_0032_0035_0043_0043.jpg 1 32 35 43 43
0530_0024_0028_0041_0041.jpg 1 24 28 41 41
0531_0018_0031_0048_0048.jpg 1 18 31 48 48
0532_0006_0023_0055_0055.jpg 1 6 23 55 55
0533_0022_0047_0036_0036.jpg 1 22 47 36 36
0534_0015_0014_0062_0062.jpg 1 15 14 62 62
0535_0007_0006_0054_0054.jpg 1 7 6 54 54
0536_0028_0005_0058_0058.jpg 1 28 5 58 58
0537_0010_0033_0046_0046.jpg 1 10 33 46 46
0538_0035_0032_0027_0027.jpg 1 35 32 27 27
0539_0006_0009_0065_0065.jpg 1 6 9 65 65
0540_0009_0033_0045_0045.jpg 1 9 33 45 45
0541_0018_0053_0034_0034.jpg 1 18 53 34 34
0542_0020_0018_0066_0066.jpg 1 20 18 66 66
0543_0016_0020_0065_0065.jpg 1 16 20 65 65
0544_0036_0011_0029_0029.jpg 1 36 11 29 29
0545_0032_0037_0040_0040.jpg 1 32 37 40 40
0546_0008_0007_0040_0040.jpg 1 8 7 40 40
0547_0012_0007_0051_0051.jpg 1 12 7 51 51
0548_0039_0030_0050_0050.jpg 1 39 30 50 50
0549_0022_0010_0037_0037.jpg 1 22 10 37 37
0550_0059_0062_0027_0027.jpg 1 59 62 27 27
0551_0025_0027_0046_0046.jpg 1 25 27 46 46
0552_0026_0039_0039_0039.jpg 1 26 39 39 39
0553_0032_0019_0048_0048.jpg 1 32 19 48 48
0554_0056_0058_0027_0027.jpg 1 56 58 27 27
0555_0015_0016_0055_0055.jpg 1 15 16 55 55
0556_0023_0010_0062_0062.jpg 1 23 10 62 62
0557_0049_0045_0031_0031.jpg 1 49 45 31 31
0558_0041_0034_0043_0043.jpg 1 41 34 43 43
0559_0020_0017_0033_0033.jpg 1 20 17 33 33
0560_0029_0037_0056_0056.jpg 1 29 37 56 56
0561_0018_0036_0037_0037.jpg 1 18 36 37 37
0562_0027_0005_0069_0069.jpg 1 27 5 69 69
0563_0020_0018_0068_0068.jpg 1 20 18 68 68
0564_0046_0054_0024_0024.jpg 1 46 54 24 24
0565_0046_0014_0033_0033.jpg 1 46 14 33 33
0566_0024_0031_0047_0047.jpg 1 24 31 47 47
0567_0024_0004_0059_0059.jpg 1 24 4 59 59
0568_0035_0012_0042_0042.jpg 1 35 12 42 42
0569_0032_0009_0061_0061.jpg 1 32 9 61 61
0570_0046_0049_0044_0044.jpg 1 46 49 44 44
0571_0010_0044_0044_0044.jpg 1 10 44 44 44
0572_0012_0016_0050_0050.jpg 1 12 16 50 50
0573_0010_0023_0033_0033.jpg 1 10 23 33 33
0574_0023_0016_0040_0040.jpg 1 23 16 40 40
0575_0005_0023_0054_0054.jpg 1 5 23 54 54
0576_0023_0017_0052_0052.jpg 1 23 17 52 52
0577_0016_0011_0057_0057.jpg 1 16 11 57 57
0578_0025_0040_0046_0046.jpg 1 25 40 46 46
0579_0021_0007_0060_0060.jpg 1 21 7 60 60
0580_0015_0044_0029_0029.jpg 1 15 44 29 29
0581_0053_0056_0037_0037.jpg 1 53 56 37 37
0582_0025_0021_0058_0058.jpg 1 25 21 58 58
0583_0019_0029_0058_0058.jpg 1 19 29 58 58
0584_0026_0008_0065_0065.jpg 1 26 8 65 65
0585_0024_0011_0059_0059.jpg 1 24 11 59 59
0586_0056_0028_0024_0024.jpg 1 56 28 24 24
0587_0051_0040_0036_0036.jpg 1 51 40 36 36
0588_0013_0020_0050_0050.jpg 1 13 20 50 50
0589_0030_0061_0032_0032.jpg 1 30 61 32 32
0590_0031_0006_0064_0064.jpg 1 31 6 64 64
0591_0029_0011_0063_0063.jpg 1 29 11 63 63
0592_0024_0052_0036_0036.jpg 1 24 52 36 36
0593_0012_0026_0068_0068.jpg 1 12 26 68 68
0594_0032_0033_0061_0061.jpg 1 32 33 61 61
0595_0007_0046_0031_0031.jpg 1 7 46 31 31
0596_0007_0016_0069_0069.jpg 1 7 16 69 69
0597_0017_0020_0066_0066.jpg 1 17 20 66 66
0598_0058_0020_0033_0033.jpg 1 58 20 33 33
0599_0022_0014_0061_0061.jpg 1 22 14 61 61
0600_0058_0052_0028_0028.jpg 1 58 52 28 28
0601_0035_0021_0057_0057.jpg 1 35 21 57 57
0602_0015_0015_0069_0069.jpg 1 15 15 69 69
0603_0058_0052_0032_0032.jpg 1 58 52 32 32
0604_0033_0022_0040_0040.jpg 1 33 22 40 40
0605_0041_0054_0036_0036.jpg 1 41 54 36 36
0606_0026_0008_0061_0061.jpg 1 26 8 61 61
0607_0047_0023_0043_0043.jpg 1 47 23 43 43
0608_0035_0020_0058_0058.jpg 1 35 20 58 58
0609_0045_0019_0030_0030.jpg 1 45 19 30 30
0610_0031_0047_0034_0034.jpg 1 31 47 34 34
0611_0011_0013_0056_0056.jpg 1 11 13 56 56
0612_0045_0042_0024_0024.jpg 1 45 42 24 24
0613_0035_0013_0036_0036.jpg 1 35 13 36 36
0614_0022_0034_0060_0060.jpg 1 22 34 60 60
0615_0038_0051_0035_0035.jpg 1 38 51 35 35
0616_0020_0019_0053_0053.jpg 1 20 19 53 53
0617_0009_0015_0057_0057.jpg 1 9 15 57 57
0618_0010_0035_0046_0046.jpg 1 10 35 46 46
0619_0053_0048_0032_0032.jpg 1 53 48 32 32
0620_0030_0034_0028_0028.jpg 1 30 34 28 28
0621_0029_0033_0039_0039.jpg 1 29 33 39 39
0622_0035_0017_0029_0029.jpg 1 35 17 29 29
0623_0035_0029_0058_0058.jpg 1 35 29 58 58
0624_0035_0046_0027_0027.jpg 1 35 46 27 27
0625_0016_0013_0061_0061.jpg 1 16 13 61 61
0626_0029_0026_0035_0035.jpg 1 29 26 35 35
0627_0019_0007_0046_0046.jpg 1 19 7 46 46
0628_0018_0026_0060_0060.jpg 1 18 26 60 60
0629_0017_0021_0044_0044.jpg 1 17 21 44 44
0630_0007_0035_0041_0041.jpg 1 7 35 41 41
0631_0027_0023_0056_0056.jpg 1 27 23 56 56
0632_0041_0048_0043_0043.jpg 1 41 48 43 43
0633_0039_0016_0050_0050.jpg 1 39 16 50 50
0634_0035_0023_0045_0045.jpg 1 35 23 45 45
0635_0029_0023_0028_0028.jpg 1 29 23 28 28
0636_0012_0021_0052_0052.jpg 1 12 21 52 52
0637_0028_0017_0063_0063.jpg 1 28 17 63 63
0638_0050_0006_0033_0033.jpg 1 50 6 33 33
0639_0038_0043_0052_0052.jpg 1 38 43 52 52
0640_0036_0019_0034_0034.jpg 1 36 19 34 34
0641_0024_0026_0034_0034.jpg 1 24 26 34 34
0642_0025_0005_0068_0068.jpg 1 25 5 68 68
0643_0027_0020_0055_0055.jpg 1 27 20 55 55
0644_0021_0019_0066_0066.jpg 1 21 19 66 66
0645_0029_0020_0037_0037.jpg 1 29 20 37 37
0646_0017_0045_0032_0032.jpg 1 17 45 32 32
0647_0049_0037_0024_0024.jpg 1 49 37 24 24
0648_0020_0024_0052_0052.jpg 1 20 24 52 52
0649_0014_0036_0053_0053.jpg 1 14 36 53 53
0650_0013_0040_0054_0054.jpg 1 13 40 54 54
0651_0023_0048_0045_0045.jpg 1 23 48 45 45
0652_0015_0009_0049_0049.jpg 1 15 9 49 49
0653_0053_0030_0028_0028.jpg 1 53 30 28 28
0654_0021_0033_0051_0051.jpg 1 21 33 51 51
0655_0024_0022_0064_0064.jpg 1 24 22 64 64
0656_0050_0037_0028_0028.jpg 1 50 37 28 28
0657_0018_0026_0042_0042.jpg 1 18 26 42 42
0658_0041_0027_0040_0040.jpg 1 41 27 40 40
0659_0019_0015_0051_0051.jpg 1 19 15 51 51
0660_0014_0055_0036_0036.jpg 1 14 55 36 36
0661_0017_0027_0032_0032.jpg 1 17 27 32 32
0662_0004_0024_0060_0060.jpg 1 4 24 60 60
0663_0024_0021_0041_0041.jpg 1 24 21 41 41
0664_0006_0025_0069_0069.jpg 1 6 25 69 69
0665_0007_0037_0044_0044.jpg 1 7 37 44 44
0666_0033_0014_0051_0051.jpg 1 33 14 51 51
0667_0014_0019_0064_0064.jpg 1 14 19 64 64
0668_0036_0018_0049_0049.jpg 1 36 18 49 49
0669_0019_0029_0058_0058.jpg 1 19 29 58 58
0670_0031_0021_0051_0051.jpg 1 31 21 51 51
0671_0022_0041_0030_0030.jpg 1 22 41 30 30
0672_0023_0037_0047_0047.jpg 1 23 37 47 47
0673_0060_0067_0025_0025.jpg 1 60 67 25 25
0674_0007_0058_0033_0033.jpg 1 7 58 33 33
0675_0015_0010_0048_0048.jpg 1 15 10 48 48
0676_0022_0007_0034_0034.jpg 1 22 7 34 34
0677_0011_0005_0066_0066.jpg 1 11 5 66 66
0678_0008_0018_0039_0039.jpg 1 8 18 39 39
0679_0015_0007_0059_0059.jpg 1 15 7 59 59
0680_0016_0012_0059_0059.jpg 1 16 12 59 59
0681_0028_0009_0066_0066.jpg 1 28 9 66 66
0682_0062_0053_0025_0025.jpg 1 62 53 25 25
0683_0035_0029_0050_0050.jpg 1 35 29 50 50
0684_0020_0043_0036_0036.jpg 1 20 43 36 36
0685_0017_0061_0030_0030.jpg 1 17 61 30 30
0686_0047_0046_0035_0035.jpg 1 47 46 35 35
0687_0066_0039_0024_0024.jpg 1 66 39 24 24
0688_0021_0031_0063_0063.jpg 1 21 31 63 63
0689_0042_0044_0024_0024.jpg 1 42 44 24 24
0690_0054_0018_0037_0037.jpg 1 54 18 37 37
0691_0030_0031_0063_0063.jpg 1 30 31 63 63
0692_0048_0009_0034_0034.jpg 1 48 9 34 34
0693_0050_0014_0037_0037.jpg 1 50 14 37 37
0694_0014_0035_0059_0059.jpg 1 14 35 59 59
0695_0042_0006_0052_0052.jpg 1 42 6 52 52
0696_0006_0014_0056_0056.jpg 1 6 14 56 56
0697_0034_0007_0060_0060.jpg 1 34 7 60 60
0698_0043_0042_0046_0046.jpg 1 43 42 46 46
0699_0026_0019_0055_0055.jpg 1 26 19 55 55
0700_0018_0040_0051_0051.jpg 1 18 40 51 51
0701_0037_0034_0029_0029.jpg 1 37 34 29 29
0702_0022_0025_0037_0037.jpg 1 22 25 37 37
0703_0006_0041_0045_0045.jpg 1 6 41 45 45
0704_0044_0007_0049_0049.jpg 1 44 7 49 49
0705_0037_0033_0042_0042.jpg 1 37 33 42 42
0706_0027_0021_0054_0054.jpg 1 27 21 54 54
0707_0040_0052_0041_0041.jpg 1 40 52 41 41
0708_0042_0059_0028_0028.jpg 1 42 59 28 28
0709_0020_0023_0056_0056.jpg 1 20 23 56 56
0710_0049_0030_0032_0032.jpg 1 49 30 32 32
0711_0024_0031_0040_0040.jpg 1 24 31 40 40
0712_0059_0020_0024_0024.jpg 1 59 20 24 24
0713_0038_0025_0041_0041.jpg 1 38 25 41 41
0714_0014_0026_0068_0068.jpg 1 14 26 68 68
0715_0024_0047_0041_0041.jpg 1 24 47 41 41
0716_0054_0027_0039_0039.jpg 1 54 27 39 39
0717_0019_0018_0050_0050.jpg 1 19 18 50 50
0718_0047_0032_0028_0028.jpg 1 47 32 28 28
0719_0013_0010_0063_0063.jpg 1 13 10 63 63
0720_0014_0030_0036_0036.jpg 1 14 30 36 36
0721_0046_0051_0034_0034.jpg 1 46 51 34 34
0722_0013_0039_0049_0049.jpg 1 13 39 49 49
0723_0037_0039_0035_0035.jpg 1 37 39 35 35
0724_0006_0049_0043_0043.jpg 1 6 49 43 43
0725_0012_0018_0025_0025.jpg 1 12 18 25 25
0726_0011_0038_0050_0050.jpg 1 11 38 50 50
0727_0020_0046_0030_0030.jpg 1 20 46 30 30
0728_0024_0013_0060_0060.jpg 1 24 13 60 60
0729_0030_0040_0041_0041.jpg 1 30 40 41 41
0730_0017_0058_0029_0029.jpg 1 17 58 29 29
0731_0030_0022_0046_0046.jpg 1 30 22 46 46
0732_0025_0007_0039_0039.jpg 1 25 7 39 39
0733_0013_0035_0056_0056.jpg 1 13 35 56 56
0734_0065_0048_0026_0026.jpg 1 65 48 26 26
0735_0039_0030_0035_0035.jpg 1 39 30 35 35
0736_0036_0053_0037_0037.jpg 1 36 53 37 37
0737_0018_0034_0049_0049.jpg 1 18 34 49 49
0738_0025_0011_0058_0058.jpg 1 25 11 58 58
0739_0026_0030_0049_0049.jpg 1 26 30 49 49
0740_0025_0016_0052_0052.jpg 1 25 16 52 52
0741_0037_0017_0049_0049.jpg 1 37 17 49 49
0742_0019_0030_0056_0056.jpg 1 19 30 56 56
0743_0030_0028_0048_0048.jpg 1 30 28 48 48
0744_0007_0005_0052_0052.jpg 1 7 5 52 52
0745_0017_0045_0031_0031.jpg 1 17 45 31 31
0746_0010_0025_0068_0068.jpg 1 10 25 68 68
0747_0029_0013_0059_0059.jpg 1 29 13 59 59
0748_0019_0024_0068_0068.jpg 1 19 24 68 68
0749_0029_0010_0052_0052.jpg 1 29 10 52 52
0750_0010_0008_0040_0040.jpg 1 10 8 40 40
0751_0025_0021_0054_0054.jpg 1 25 21 54 54
0752_0043_0015_0036_0036.jpg 1 43 15 36 36
0753_0042_0041_0025_0025.jpg 1 42 41 25 25
0754_0015_0013_0036_0036.jpg 1 15 13 36 36
0755_0027_0008_0067_0067.jpg 1 27 8 67 67
0756_0031_0024_0046_0046.jpg 1 31 24 46 46
0757_0022_0009_0030_0030.jpg 1 22 9 30 30
0758_0046_0048_0046_0046.jpg 1 46 48 46 46
0759_0014_0024_0060_0060.jpg 1 14 24 60 60
0760_0034_0016_0037_0037.jpg 1 34 16 37 37
0761_0031_0022_0046_0046.jpg 1 31 22 46 46
0762_0034_0029_0041_0041.jpg 1 34 29 41 41
0763_0016_0031_0051_0051.jpg 1 16 31 51 51
0764_0025_0043_0039_0039.jpg 1 25 43 39 39
0765_0055_0007_0027_0027.jpg 1 55 7 27 27
0766_0008_0018_0063_0063.jpg 1 8 18 63 63
0767_0012_0044_0039_0039.jpg 1 12 44 39 39
0768_0025_0006_0066_0066.jpg 1 25 6 66 66
0769_0021_0016_0063_0063.jpg 1 21 16 63 63
0770_0025_0022_0062_0062.jpg 1 25 22 62 62
0771_0016_0006_0048_0048.jpg 1 16 6 48 48
0772_0026_0034_0058_0058.jpg 1 26 34 58 58
0773_0042_0014_0036_0036.jpg 1 42 14 36 36
0774_0044_0030_0042_0042.jpg 1 44 30 42 42
0775_0021_0045_0049_0049.jpg 1 21 45 49 49
0776_0024_0018_0044_0044.jpg 1 24 18 44 44
0777_0042_0037_0040_0040.jpg 1 42 37 40 40
0778_0016_0025_0069_0069.jpg 1 16 25 69 69
0779_0009_0013_0067_0067.jpg 1 9 13 67 67
0780_0051_0024_0041_0041.jpg 1 51 24 41 41
0781_0037_0044_0025_0025.jpg 1 37 44 25 25
0782_0042_0043_0051_0051.jpg 1 42 43 51 51
0783_0031_0039_0048_0048.jpg 1 31 39 48 48
0784_0050_0020_0028_0028.jpg 1 50 20 28 28
0785_0034_0023_0058_0058.jpg 1 34 23 58 58
0786_0032_0009_0056_0056.jpg 1 32 9 56 56
0787_0008_0008_0064_0064.jpg 1 8 8 64 64
0788_0035_0030_0054_0054.jpg 1 35 30 54 54
0789_0045_0053_0036_0036.jpg 1 45 53 36 36
0790_0016_0009_0060_0060.jpg 1 16 9 60 60
0791_0025_0011_0066_0066.jpg 1 25 11 66 66
0792_0033_0006_0036_0036.jpg 1 33 6 36 36
0793_0012_0014_0062_0062.jpg 1 12 14 62 62
0794_0033_0006_0062_0062.jpg 1 33 6 62 62
0795_0007_0022_0052_0052.jpg 1 7 22 52 52
0796_0006_0014_0064_0064.jpg 1 6 14 64 64
0797_0026_0021_0055_0055.jpg 1 26 21 55 55
0798_0007_0006_0034_0034.jpg 1 7 6 34 34
0799_0036_0037_0038_0038.jpg 1 36 37 38 38
0800_0031_0043_0051_0051.jpg 1 31 43 51 51
0801_0025_0045_0038_0038.jpg 1 25 45 38 38
0802_0060_0016_0029_0029.jpg 1 60 16 29 29
0803_0046_0039_0028_0028.jpg 1 46 39 28 28
0804_0017_0044_0044_0044.jpg 1 17 44 44 44
0805_0027_0041_0046_0046.jpg 1 27 41 46 46
0806_0008_0025_0067_0067.jpg 1 8 25 67 67
0807_0010_0033_0051_0051.jpg 1 10 33 51 51
0808_0032_0012_0035_0035.jpg 1 32 12 35 35
0809_0012_0014_0063_0063.jpg 1 12 14 63 63
0810_0033_0031_0056_0056.jpg 1 33 31 56 56
0811_0034_0046_0048_0048.jpg 1 34 46 48 48
0812_0037_0009_0027_0027.jpg 1 37 9 27 27
0813_0030_0010_0050_0050.jpg 1 30 10 50 50
0814_0029_0039_0054_0054.jpg 1 29 39 54 54
0815_0042_0013_0042_0042.jpg 1 42 13 42 42
0816_0006_0055_0034_0034.jpg 1 6 55 34 34
0817_0019_0021_0066_0066.jpg 1 19 21 66 66
0818_0016_0029_0054_0054.jpg 1 16 29 54 54
0819_0021_0026_0027_0027.jpg 1 21 26 27 27
0820_0023_0017_0066_0066.jpg 1 23 17 66 66
0821_0009_0006_0054_0054.jpg 1 9 6 54 54
0822_0016_0011_0068_0068.jpg 1 16 11 68 68
0823_0029_0035_0024_0024.jpg 1 29 35 24 24
0824_0030_0046_0026_0026.jpg 1 30 46 26 26
0825_0018_0038_0026_0026.jpg 1 18 38 26 26
0826_0031_0014_0055_0055.jpg 1 31 14 55 55
0827_0037_0021_0058_0058.jpg 1 37 21 58 58
0828_0025_0044_0025_0025.jpg 1 25 44 25 25
0829_0053_0060_0031_0031.jpg 1 53 60 31 31
0830_0018_0016_0065_0065.jpg 1 18 16 65 65
0831_0010_0022_0064_0064.jpg 1 10 22 64 64
0832_0006_0018_0061_0061.jpg 1 6 18 61 61
0833_0012_0039_0024_0024.jpg 1 12 39 24 24
0834_0016_0030_0034_0034.jpg 1 16 30 34 34
0835_0037_0035_0048_0048.jpg 1 37 35 48 48
0836_0024_0013_0056_0056.jpg 1 24 13 56 56
0837_0005_0015_0067_0067.jpg 1 5 15 67 67
0838_0050_0039_0039_0039.jpg 1 50 39 39 39
0839_0012_0039_0054_0054.jpg 1 12 39 54 54
0840_0004_0027_0061_0061.jpg 1 4 27 61 61
0841_0044_0048_0041_0041.jpg 1 44 48 41 41
0842_0015_0023_0056_0056.jpg 1 15 23 56 56
0843_0030_0024_0036_0036.jpg 1 30 24 36 36
0844_0051_0029_0038_0038.jpg 1 51 29 38 38
0845_0021_0024_0065_0065.jpg 1 21 24 65 65
0846_0023_0011_0062_0062.jpg 1 23 11 62 62
0847_0035_0022_0026_0026.jpg 1 35 22 26 26
0848_0013_0012_0057_0057.jpg 1 13 12 57 57
0849_0049_0021_0024_0024.jpg 1 49 21 24 24
0850_0024_0022_0069_0069.jpg 1 24 22 69 69
0851_0025_0015_0066_0066.jpg 1 25 15 66 66
0852_0006_0018_0051_0051.jpg 1 6 18 51 51
0853_0046_0045_0031_0031.jpg 1 46 45 31 31
0854_0016_0023_0067_0067.jpg 1 16 23 67 67
0855_0007_0036_0049_0049.jpg 1 7 36 49 49
0856_0016_0006_0048_0048.jpg 1 16 6 48 48
0857_0033_0027_0033_0033.jpg 1 33 27 33 33
0858_0044_0046_0029_0029.jpg 1 44 46 29 29
0859_0043_0007_0051_0051.jpg 1 43 7 51 51
0860_0029_0006_0048_0048.jpg 1 29 6 48 48
0861_0006_0020_0035_0035.jpg 1 6 20 35 35
0862_0011_0028_0066_0066.jpg 1 11 28 66 66
0863_0006_0047_0041_0041.jpg 1 6 47 41 41
0864_0048_0047_0044_0044.jpg 1 48 47 44 44
0865_0031_0026_0036_0036.jpg 1 31 26 36 36
0866_0012_0011_0038_0038.jpg 1 12 11 38 38
0867_0010_0030_0066_0066.jpg 1 10 30 66 66
0868_0034_0037_0037_0037.jpg 1 34 37 37 37
0869_0010_0030_0065_0065.jpg 1 10 30 65 65
0870_0052_0049_0036_0036.jpg 1 52 49 36 36
0871_0014_0004_0067_0067.jpg 1 14 4 67 67
0872_0012_0030_0050_0050.jpg 1 12 30 50 50
0873_0056_0052_0032_0032.jpg 1 56 52 32 32
0874_0013_0025_0033_0033.jpg 1 13 25 33 33
0875_0057_0026_0036_0036.jpg 1 57 26 36 36
0876_0045_0043_0034_0034.jpg 1 45 43 34 34
0877_0021_0053_0037_0037.jpg 1 21 53 37 37
0878_0052_0043_0028_0028.jpg 1 52 43 28 28
0879_0014_0016_0066_0066.jpg 1 14 16 66 66
0880_0014_0038_0055_0055.jpg 1 14 38 55 55
0881_0007_0024_0065_0065.jpg 1 7 24 65 65
0882_0026_0029_0062_0062.jpg 1 26 29 62 62
0883_0027_0045_0029_0029.jpg 1 27 45 29 29
0884_0007_0013_0040_0040.jpg 1 7 13 40 40
0885_0006_0015_0062_0062.jpg 1 6 15 62 62
0886_0013_0029_0040_0040.jpg 1 13 29 40 40
0887_0016_0027_0059_0059.jpg 1 16 27 59 59
0888_0031_0013_0054_0054.jpg 1 31 13 54 54
0889_0029_0051_0026_0026.jpg 1 29 51 26 26
0890_0021_0021_0054_0054.jpg 1 21 21 54 54
0891_0007_0024_0061_0061.jpg 1 7 24 61 61
0892_0052_0042_0025_0025.jpg 1 52 42 25 25
0893_0040_0039_0054_0054.jpg 1 40 39 54 54
0894_0021_0032_0053_0053.jpg 1 21 32 53 53
0895_0033_0021_0028_0028.jpg 1 33 21 28 28
0896_0026_0024_0052_0052.jpg 1 26 24 52 52
0897_0029_0047_0026_0026.jpg 1 29 47 26 26
0898_0004_0020_0066_0066.jpg 1 4 20 66 66
0899_0010_0009_0065_0065.jpg 1 10 9 65 65
0900_0044_0031_0036_0036.jpg 1 44 31 36 36
0901_0044_0009_0039_0039.jpg 1 44 9 39 39
0902_0026_0023_0069_0069.jpg 1 26 23 69 69
0903_0009_0039_0046_0046.jpg 1 9 39 46 46
0904_0013_0010_0061_0061.jpg 1 13 10 61 61
0905_0007_0027_0047_0047.jpg 1 7 27 47 47
0906_0014_0020_0051_0051.jpg 1 14 20 51 51
0907_0026_0033_0052_0052.jpg 1 26 33 52 52
0908_0019_0037_0053_0053.jpg 1 19 37 53 53
0909_0018_0029_0040_0040.jpg 1 18 29 40 40
0910_0025_0034_0044_0044.jpg 1 25 34 44 44
0911_0019_0004_0056_0056.jpg 1 19 4 56 56
0912_0005_0011_0068_0068.jpg 1 5 11 68 68
0913_0056_0015_0029_0029.jpg 1 56 15 29 29
0914_0018_0039_0053_0053.jpg 1 18 39 53 53
0915_0040_0026_0049_0049.jpg 1 40 26 49 49
0916_0020_0048_0038_0038.jpg 1 20 48 38 38
0917_0012_0013_0063_0063.jpg 1 12 13 63 63
0918_0055_0016_0034_0034.jpg 1 55 16 34 34
0919_0032_0041_0029_0029.jpg 1 32 41 29 29
0920_0036_0039_0048_0048.jpg 1 36 39 48 48
0921_0030_0046_0030_0030.jpg 1 30 46 30 30
0922_0007_0013_0066_0066.jpg 1 7 13 66 66
0923_0050_0025_0030_0030.jpg 1 50 25 30 30
0924_0029_0004_0059_0059.jpg 1 29 4 59 59
0925_0063_0054_0026_0026.jpg 1 63 54 26 26
0926_0024_0031_0041_0041.jpg 1 24 31 41 41
0927_0026_0008_0026_0026.jpg 1 26 8 26 26
0928_0038_0042_0037_0037.jpg 1 38 42 37 37
0929_0010_0030_0038_0038.jpg 1 10 30 38 38
0930_0026_0038_0044_0044.jpg 1 26 38 44 44
0931_0037_0032_0055_0055.jpg 1 37 32 55 55
0932_0011_0005_0058_0058.jpg 1 11 5 58 58
0933_0030_0060_0030_0030.jpg 1 30 60 30 30
0934_0029_0037_0044_0044.jpg 1 29 37 44 44
0935_0041_0040_0024_0024.jpg 1 41 40 24 24
0936_0024_0021_0033_0033.jpg 1 24 21 33 33
0937_0019_0039_0046_0046.jpg 1 19 39 46 46
0938_0028_0005_0067_0067.jpg 1 28 5 67 67
0939_0049_0013_0038_0038.jpg 1 49 13 38 38
0940_0025_0005_0069_0069.jpg 1 25 5 69 69
0941_0006_0014_0041_0041.jpg 1 6 14 41 41
0942_0043_0007_0042_0042.jpg 1 43 7 42 42
0943_0032_0005_0061_0061.jpg 1 32 5 61 61
0944_0036_0044_0045_0045.jpg 1 36 44 45 45
0945_0009_0009_0031_0031.jpg 1 9 9 31 31
0946_0010_0053_0032_0032.jpg 1 10 53 32 32
0947_0059_0046_0025_0025.jpg 1 59 46 25 25
0948_0009_0026_0058_0058.jpg 1 9 26 58 58
0949_0039_0027_0025_0025.jpg 1 39 27 25 25
0950_0036_0029_0050_0050.jpg 1 36 29 50 50
0951_0058_0034_0028_0028.jpg 1 58 34 28 28
0952_0043_0018_0037_0037.jpg 1 43 18 37 37
0953_0048_0037_0036_0036.jpg 1 48 37 36 36
0954_0034_0056_0029_0029.jpg 1 34 56 29 29
0955_0005_0026_0062_0062.jpg 1 5 26 62 62
0956_0030_0045_0034_0034.jpg 1 30 45 34 34
0957_0017_0055_0034_0034.jpg 1 17 55 34 34
0958_0035_0030_0034_0034.jpg 1 35 30 34 34
0959_0034_0028_0059_0059.jpg 1 34 28 59 59
0960_0024_0028_0059_0059.jpg 1 24 28 59 59
0961_0015_0021_0052_0052.jpg 1 15 21 52 52
0962_0033_0041_0053_0053.jpg 1 33 41 53 53
0963_0039_0026_0047_0047.jpg 1 39 26 47 47
0964_0051_0056_0037_0037.jpg 1 51 56 37 37
0965_0035_0026_0034_0034.jpg 1 35 26 34 34
0966_0067_0055_0024_0024.jpg 1 67 55 24 24
0967_0049_0024_0027_0027.jpg 1 49 24 27 27
0968_0060_0008_0025_0025.jpg 1 60 8 25 25
0969_0015_0031_0034_0034.jpg 1 15 31 34 34
0970_0013_0017_0061_0061.jpg 1 13 17 61 61
0971_0054_0056_0027_0027.jpg 1 54 56 27 27
0972_0019_0016_0067_0067.jpg 1 19 16 67 67
0973_0045_0031_0049_0049.jpg 1 45 31 49 49
0974_0023_0018_0040_0040.jpg 1 23 18 40 40
0975_0017_0010_0069_0069.jpg 1 17 10 69 69
0976_0041_0048_0034_0034.jpg 1 41 48 34 34
0977_0032_0016_0054_0054.jpg 1 32 16 54 54
0978_0035_0035_0049_0049.jpg 1 35 35 49 49
0979_0005_0041_0051_0051.jpg 1 5 41 51 51
0980_0027_0023_0068_0068.jpg 1 27 23 68 68
0981_0033_0009_0024_0024.jpg 1 33 9 24 24
0982_0029_0004_0066_0066.jpg 1 29 4 66 66
0983_0026_0012_0065_0065.jpg 1 26 12 65 65
0984_0032_0005_0046_0046.jpg 1 32 5 46 46
0985_0015_0026_0063_0063.jpg 1 15 26 63 63
0986_0031_0028_0065_0065.jpg 1 31 28 65 65
0987_0038_0025_0034_0034.jpg 1 38 25 34 34
0988_0025_0022_0066_0066.jpg 1 25 22 66 66
0989_0036_0026_0033_0033.jpg 1 36 26 33 33
0990_0007_0029_0063_0063.jpg 1 7 29 63 63
0991_0035_0024_0038_0038.jpg 1 35 24 38 38
0992_0035_0019_0056_0056.jpg 1 35 19 56 56
0993_0054_0026_0035_0035.jpg 1 54 26 35 35
0994_0022_0037_0043_0043.jpg 1 22 37 43 43
0995_0027_0042_0040_0040.jpg 1 27 42 40 40
0996_0047_0020_0032_0032.jpg 1 47 20 32 32
0997_0054_0042_0034_0034.jpg 1 54 42 34 34
0998_0032_0032_0056_0056.jpg 1 32 32 56 56
0999_0031_0025_0061_0061.jpg 1 31 25 61 61
1000_0039_0041_0045_0045.jpg 1 39 41 45 45
1001_0020_0042_0029_0029.jpg 1 20 42 29 29
1002_0009_0047_0026_0026.jpg 1 9 47 26 26
1003_0016_0015_0060_0060.jpg 1 16 15 60 60
1004_0036_0009_0034_0034.jpg 1 36 9 34 34
1005_0038_0007_0040_0040.jpg 1 38 7 40 40
1006_0042_0037_0049_0049.jpg 1 42 37 49 49
1007_0006_0034_0041_0041.jpg 1 6 34 41 41
1008_0051_0050_0034_0034.jpg 1 51 50 34 34
1009_0005_0006_0048_0048.jpg 1 5 6 48 48
1010_0028_0020_0044_0044.jpg 1 28 20 44 44
1011_0006_0008_0041_0041.jpg 1 6 8 41 41
1012_0032_0032_0056_0056.jpg 1 32 32 56 56
1013_0036_0024_0044_0044.jpg 1 36 24 44 44
1014_0044_0007_0049_0049.jpg 1 44 7 49 49
1015_0008_0031_0035_0035.jpg 1 8 31 35 35
1016_0047_0013_0046_0046.jpg 1 47 13 46 46
1017_0013_0009_0026_0026.jpg 1 13 9 26 26
1018_0016_0010_0065_0065.jpg 1 16 10 65 65
1019_0035_0027_0046_0046.jpg 1 35 27 46 46
1020_0030_0013_0056_0056.jpg 1 30 13 56 56
1021_0033_0038_0030_0030.jpg 1 33 38 30 30
1022_0023_0015_0046_0046.jpg 1 23 15 46 46
1023_0058_0016_0034_0034.jpg 1 58 16 34 34
1024_0012_0015_0045_0045.jpg 1 12 15 45 45
1025_0008_0017_0043_0043.jpg 1 8 17 43 43
1026_0033_0016_0045_0045.jpg 1 33 16 45 45
1027_0010_0015_0042_0042.jpg 1 10 15 42 42
1028_0009_0027_0052_0052.jpg 1 9 27 52 52
1029_0005_0006_0061_0061.jpg 1 5 6 61 61
1030_0007_0022_0068_0068.jpg 1 7 22 68 68
1031_0065_0007_0024_0024.jpg 1 65 7 24 24
1032_0024_0013_0043_0043.jpg 1 24 13 43 43
1033_0004_0020_0055_0055.jpg 1 4 20 55 55
1034_0017_0039_0024_0024.jpg 1 17 39 24 24
1035_0026_0020_0049_0049.jpg 1 26 20 49 49
1036_0039_0015_0042_0042.jpg 1 39 15 42 42
1037_0011_0028_0068_0068.jpg 1 11 28 68 68
1038_0031_0018_0050_0050.jpg 1 31 18 50 50
1039_0013_0018_0044_0044.jpg 1 13 18 44 44
1040_0030_0004_0063_0063.jpg 1 30 4 63 63
1041_0004_0024_0053_0053.jpg 1 4 24 53 53
1042_0048_0033_0040_0040.jpg 1 48 33 40 40
1043_0014_0049_0044_0044.jpg 1 14 49 44 44
1044_0034_0012_0054_0054.jpg 1 34 12 54 54
1045_0027_0048_0040_0040.jpg 1 27 48 40 40
1046_0015_0013_0052_0052.jpg 1 15 13 52 52
1047_0013_0019_0045_0045.jpg 1 13 19 45 45
1048_0009_0036_0053_0053.jpg 1 9 36 53 53
1049_0020_0018_0058_0058.jpg 1 20 18 58 58
1050_0038_0023_0040_0040.jpg 1 38 23 40 40
1051_0023_0033_0029_0029.jpg 1 23 33 29 29
1052_0056_0051_0032_0032.jpg 1 56 51 32 32
1053_0018_0037_0052_0052.jpg 1 18 37 52 52
1054_0026_0021_0066_0066.jpg 1 26 21 66 66
1055_0021_0044_0044_0044.jpg 1 21 44 44 44
1056_0012_0005_0066_0066.jpg 1 12 5 66 66
1057_0030_0023_0049_0049.jpg 1 30 23 49 49
1058_0006_0051_0042_0042.jpg 1 6 51 42 42
1059_0061_0016_0024_0024.jpg 1 61 16 24 24
1060_0034_0037_0049_0049.jpg 1 34 37 49 49
1061_0016_0055_0032_0032.jpg 1 16 55 32 32
1062_0012_0015_0031_0031.jpg 1 12 15 31 31
1063_0043_0023_0050_0050.jpg 1 43 23 50 50
1064_0011_0014_0051_0051.jpg 1 11 14 51 51
1065_0034_0012_0044_0044.jpg 1 34 12 44 44
1066_0014_0008_0032_0032.jpg 1 14 8 32 32
1067_0019_0017_0059_0059.jpg 1 19 17 59 59
1068_0023_0026_0051_0051.jpg 1 23 26 51 51
1069_0018_0011_0059_0059.jpg 1 18 11 59 59
1070_0007_0026_0049_0049.jpg 1 7 26 49 49
1071_0032_0021_0051_0051.jpg 1 32 21 51 51
1072_0024_0024_0061_0061.jpg 1 24 24 61 61
1073_0006_0006_0054_0054.jpg 1 6 6 54 54
1074_0025_0024_0053_0053.jpg 1 25 24 53 53
1075_0018_0031_0065_0065.jpg 1 18 31 65 65
1076_0030_0048_0045_0045.jpg 1 30 48 45 45
1077_0031_0048_0045_0045.jpg 1 31 48 45 45
1078_0034_0035_0057_0057.jpg 1 34 35 57 57
1079_0015_0018_0043_0043.jpg 1 15 18 43 43
1080_0007_0036_0032_0032.jpg 1 7 36 32 32
1081_0048_0017_0027_0027.jpg 1 48 17 27 27
1082_0023_0049_0030_0030.jpg 1 23 49 30 30
1083_0041_0022_0026_0026.jpg 1 41 22 26 26
1084_0006_0048_0042_0042.jpg 1 6 48 42 42
1085_0021_0004_0065_0065.jpg 1 21 4 65 65
1086_0037_0028_0044_0044.jpg 1 37 28 44 44
1087_0016_0048_0040_0040.jpg 1 16 48 40 40
1088_0037_0014_0039_0039.jpg 1 37 14 39 39
1089_0037_0045_0042_0042.jpg 1 37 45 42 42
1090_0032_0011_0063_0063.jpg 1 32 11 63 63
1091_0025_0024_0055_0055.jpg 1 25 24 55 55
1092_0039_0025_0050_0050.jpg 1 39 25 50 50
1093_0036_0033_0047_0047.jpg 1 36 33 47 47
1094_0014_0022_0053_0053.jpg 1 14 22 53 53
1095_0020_0041_0034_0034.jpg 1 20 41 34 34
1096_0025_0026_0026_0026.jpg 1 25 26 26 26
1097_0008_0022_0048_0048.jpg 1 8 22 48 48
1098_0062_0043_0024_0024.jpg 1 62 43 24 24
1099_0020_0018_0055_0055.jpg 1 20 18 55 55
1100_0020_0007_0061_0061.jpg 1 20 7 61 61
1101_0028_0011_0063_0063.jpg 1 28 11 63 63
1102_0026_0011_0068_0068.jpg 1 26 11 68 68
1103_0043_0022_0045_0045.jpg 1 43 22 45 45
1104_0032_0018_0064_0064.jpg 1 32 18 64 64
1105_0017_0023_0063_0063.jpg 1 17 23 63 63
1106_0033_0024_0033_0033.jpg 1 33 24 33 33
1107_0057_0025_0028_0028.jpg 1 57 25 28 28
1108_0012_0023_0046_0046.jpg 1 12 23 46 46
1109_0016_0017_0066_0066.jpg 1 16 17 66 66
1110_0016_0049_0037_0037.jpg 1 16 49 37 37
1111_0007_0030_0047_0047.jpg 1 7 30 47 47
1112_0015_0018_0069_0069.jpg 1 15 18 69 69
1113_0049_0052_0029_0029.jpg 1 49 52 29 29
1114_0010_0008_0052_0052.jpg 1 10 8 52 52
1115_0013_0019_0069_0069.jpg 1 13 19 69 69
1116_0031_0036_0054_0054.jpg 1 31 36 54 54
1117_0009_0046_0038_0038.jpg 1 9 46 38 38
1118_0030_0026_0059_0059.jpg 1 30 26 59 59
1119_0008_0009_0062_0062.jpg 1 8 9 62 62
1120_0016_0051_0024_0024.jpg 1 16 51 24 24
1121_0032_0041_0039_0039.jpg 1 32 41 39 39
1122_0027_0008_0052_0052.jpg 1 27 8 52 52
1123_0006_0017_0057_0057.jpg 1 6 17 57 57
1124_0037_0019_0056_0056.jpg 1 37 19 56 56
1125_0047_0043_0042_0042.jpg 1 47 43 42 42
1126_0021_0047_0039_0039.jpg 1 21 47 39 39
1127_0015_0045_0038_0038.jpg 1 15 45 38 38
1128_0057_0040_0030_0030.jpg 1 57 40 30 30
1129_0045_0028_0034_0034.jpg 1 45 28 34 34
1130_0046_0028_0032_0032.jpg 1 46 28 32 32
1131_0062_0037_0026_0026.jpg 1 62 37 26 26
1132_0020_0045_0045_0045.jpg 1 20 45 45 45
1133_0023_0006_0069_0069.jpg 1 23 6 69 69
1134_0018_0021_0059_0059.jpg 1 18 21 59 59
1135_0029_0018_0055_0055.jpg 1 29 18 55 55
1136_0024_0026_0069_0069.jpg 1 24 26 69 69
1137_0022_0004_0056_0056.jpg 1 22 4 56 56
1138_0055_0020_0030_0030.jpg 1 55 20 30 30
1139_0029_0026_0061_0061.jpg 1 29 26 61 61
1140_0050_0055_0031_0031.jpg 1 50 55 31 31
1141_0035_0010_0043_0043.jpg 1 35 10 43 43
1142_0027_0012_0057_0057.jpg 1 27 12 57 57
1143_0020_0056_0027_0027.jpg 1 20 56 27 27
1144_0030_0031_0057_0057.jpg 1 30 31 57 57
1145_0027_0044_0039_0039.jpg 1 27 44 39 39
1146_0020_0006_0041_0041.jpg 1 20 6 41 41
1147_0035_0025_0058_0058.jpg 1 35 25 58 58
1148_0012_0009_0069_0069.jpg 1 12 9 69 69
1149_0023_0007_0068_0068.jpg 1 23 7 68 68
1150_0010_0009_0065_0065.jpg 1 10 9 65 65
1151_0007_0028_0039_0039.jpg 1 7 28 39 39
1152_0046_0034_0042_0042.jpg 1 46 34 42 42
1153_0024_0052_0030_0030.jpg 1 24 52 30 30
1154_0016_0021_0057_0057.jpg 1 16 21 57 57
1155_0018_0015_0060_0060.jpg 1 18 15 60 60
1156_0035_0032_0055_0055.jpg 1 35 32 55 55
1157_0031_0031_0049_0049.jpg 1 31 31 49 49
1158_0058_0061_0031_0031.jpg 1 58 61 31 31
1159_0036_0031_0052_0052.jpg 1 36 31 52 52
1160_0051_0018_0029_0029.jpg 1 51 18 29 29
1161_0010_0055_0027_0027.jpg 1 10 55 27 27
1162_0036_0028_0043_0043.jpg 1 36 28 43 43
1163_0018_0039_0052_0052.jpg 1 18 39 52 52
1164_0034_0036_0045_0045.jpg 1 34 36 45 45
1165_0031_0015_0034_0034.jpg 1 31 15 34 34
1166_0009_0028_0047_0047.jpg 1 9 28 47 47
1167_0013_0011_0049_0049.jpg 1 13 11 49 49
1168_0042_0050_0041_0041.jpg 1 42 50 41 41
1169_0018_0024_0031_0031.jpg 1 18 24 31 31
1170_0007_0011_0064_0064.jpg 1 7 11 64 64
1171_0008_0022_0068_0068.jpg 1 8 22 68 68
1172_0022_0029_0040_0040.jpg 1 22 29 40 40
1173_0010_0010_0065_0065.jpg 1 10 10 65 65
1174_0047_0064_0025_0025.jpg 1 47 64 25 25
1175_0043_0039_0024_0024.jpg 1 43 39 24 24
1176_0019_0019_0038_0038.jpg 1 19 19 38 38
1177_0008_0025_0026_0026.jpg 1 8 25 26 26
1178_0028_0046_0038_0038.jpg 1 28 46 38 38
1179_0020_0027_0053_0053.jpg 1 20 27 53 53
1180_0053_0015_0024_0024.jpg 1 53 15 24 24
1181_0023_0028_0068_0068.jpg 1 23 28 68 68
1182_0047_0027_0040_0040.jpg 1 47 27 40 40
1183_0048_0044_0031_0031.jpg 1 48 44 31 31
1184_0032_0050_0037_0037.jpg 1 32 50 37 37
1185_0021_0027_0042_0042.jpg 1 21 27 42 42
1186_0062_0025_0029_0029.jpg 1 62 25 29 29
1187_0056_0042_0028_0028.jpg 1 56 42 28 28
1188_0030_0009_0045_0045.jpg 1 30 9 45 45
1189_0040_0050_0040_0040.jpg 1 40 50 40 40
1190_0040_0015_0049_0049.jpg 1 40 15 49 49
1191_0043_0045_0040_0040.jpg 1 43 45 40 40
1192_0007_0017_0062_0062.jpg 1 7 17 62 62
1193_0008_0026_0032_0032.jpg 1 8 26 32 32
1194_0024_0011_0065_0065.jpg 1 24 11 65 65
1195_0004_0011_0060_0060.jpg 1 4 11 60 60
1196_0039_0045_0037_0037.jpg 1 39 45 37 37
1197_0009_0015_0047_0047.jpg 1 9 15 47 47
1198_0057_0057_0030_0030.jpg 1 57 57 30 30
1199_0009_0028_0050_0050.jpg 1 9 28 50 50
1200_0013_0026_0060_0060.jpg 1 13 26 60 60
1201_0027_0033_0057_0057.jpg 1 27 33 57 57
1202_0020_0048_0043_0043.jpg 1 20 48 43 43
1203_0033_0021_0035_0035.jpg 1 33 21 35 35
1204_0035_0008_0035_0035.jpg 1 35 8 35 35
1205_0014_0025_0065_0065.jpg 1 14 25 65 65
1206_0007_0015_0037_0037.jpg 1 7 15 37 37
1207_0013_0014_0036_0036.jpg 1 13 14 36 36
1208_0013_0046_0041_0041.jpg 1 13 46 41 41
1209_0038_0042_0047_0047.jpg 1 38 42 47 47
1210_0054_0031_0036_0036.jpg 1 54 31 36 36
1211_0019_0005_0048_0048.jpg 1 19 5 48 48
1212_0016_0019_0064_0064.jpg 1 16 19 64 64
1213_0031_0022_0030_0030.jpg 1 31 22 30 30
1214_0011_0010_0068_0068.jpg 1 11 10 68 68
1215_0007_0027_0063_0063.jpg 1 7 27 63 63
1216_0043_0025_0050_0050.jpg 1 43 25 50 50
1217_0031_0042_0036_0036.jpg 1 31 42 36 36
1218_0021_0019_0048_0048.jpg 1 21 19 48 48
1219_0038_0021_0045_0045.jpg 1 38 21 45 45
1220_0021_0012_0035_0035.jpg 1 21 12 35 35
1221_0043_0017_0035_0035.jpg 1 43 17 35 35
1222_0009_0014_0061_0061.jpg 1 9 14 61 61
1223_0030_0030_0063_0063.jpg 1 30 30 63 63
1224_0006_0025_0059_0059.jpg 1 6 25 59 59
1225_0029_0032_0052_0052.jpg 1 29 32 52 52
1226_0029_0009_0043_0043.jpg 1 29 9 43 43
1227_0020_0017_0055_0055.jpg 1 20 17 55 55
1228_0047_0035_0042_0042.jpg 1 47 35 42 42
1229_0037_0036_0051_0051.jpg 1 37 36 51 51
1230_0040_0035_0053_0053.jpg 1 40 35 53 53
1231_0028_0030_0065_0065.jpg 1 28 30 65 65
1232_0044_0020_0033_0033.jpg 1 44 20 33 33
1233_0015_0029_0058_0058.jpg 1 15 29 58 58
1234_0033_0052_0039_0039.jpg 1 33 52 39 39
1235_0008_0005_0062_0062.jpg 1 8 5 62 62
1236_0037_0030_0046_0046.jpg 1 37 30 46 46
1237_0044_0038_0038_0038.jpg 1 44 38 38 38
1238_0013_0011_0047_0047.jpg 1 13 11 47 47
1239_0015_0039_0050_0050.jpg 1 15 39 50 50
1240_0009_0037_0033_0033.jpg 1 9 37 33 33
1241_0051_0023_0028_0028.jpg 1 51 23 28 28
1242_0013_0008_0066_0066.jpg 1 13 8 66 66
1243_0020_0005_0067_0067.jpg 1 20 5 67 67
1244_0011_0024_0068_0068.jpg 1 11 24 68 68
1245_0027_0007_0040_0040.jpg 1 27 7 40 40
1246_0010_0016_0069_0069.jpg 1 10 16 69 69
1247_0028_0010_0044_0044.jpg 1 28 10 44 44
1248_0029_0034_0040_0040.jpg 1 29 34 40 40
1249_0007_0019_0025_0025.jpg 1 7 19 25 25
1250_0060_0065_0026_0026.jpg 1 60 65 26 26
1251_0054_0007_0032_0032.jpg 1 54 7 32 32
1252_0022_0053_0035_0035.jpg 1 22 53 35 35
1253_0016_0005_0063_0063.jpg 1 16 5 63 63
1254_0027_0036_0058_0058.jpg 1 27 36 58 58
1255_0018_0028_0040_0040.jpg 1 18 28 40 40
1256_0051_0009_0032_0032.jpg 1 51 9 32 32
1257_0057_0053_0033_0033.jpg 1 57 53 33 33
1258_0016_0005_0056_0056.jpg 1 16 5 56 56
1259_0044_0038_0035_0035.jpg 1 44 38 35 35
1260_0032_0024_0038_0038.jpg 1 32 24 38 38
1261_0050_0028_0044_0044.jpg 1 50 28 44 44
1262_0007_0029_0045_0045.jpg 1 7 29 45 45
1263_0025_0019_0025_0025.jpg 1 25 19 25 25
1264_0020_0014_0064_0064.jpg 1 20 14 64 64
1265_0022_0016_0041_0041.jpg 1 22 16 41 41
1266_0051_0055_0038_0038.jpg 1 51 55 38 38
1267_0059_0021_0026_0026.jpg 1 59 21 26 26
1268_0029_0059_0024_0024.jpg 1 29 59 24 24
1269_0011_0029_0042_0042.jpg 1 11 29 42 42
1270_0040_0011_0037_0037.jpg 1 40 11 37 37
1271_0007_0010_0025_0025.jpg 1 7 10 25 25
1272_0049_0019_0027_0027.jpg 1 49 19 27 27
1273_0030_0042_0035_0035.jpg 1 30 42 35 35
1274_0021_0011_0024_0024.jpg 1 21 11 24 24
1275_0059_0043_0026_0026.jpg 1 59 43 26 26
1276_0041_0044_0032_0032.jpg 1 41 44 32 32
1277_0007_0024_0051_0051.jpg 1 7 24 51 51
1278_0023_0032_0064_0064.jpg 1 23 32 64 64
1279_0037_0014_0053_0053.jpg 1 37 14 53 53
1280_0009_0022_0040_0040.jpg 1 9 22 40 40
1281_0049_0027_0040_0040.jpg 1 49 27 40 40
1282_0008_0023_0035_0035.jpg 1 8 23 35 35
1283_0018_0019_0056_0056.jpg 1 18 19 56 56
1284_0030_0026_0066_0066.jpg 1 30 26 66 66
1285_0037_0018_0055_0055.jpg 1 37 18 55 55
1286_0023_0029_0054_0054.jpg 1 23 29 54 54
1287_0031_0015_0060_0060.jpg 1 31 15 60 60
1288_0045_0035_0027_0027.jpg 1 45 35 27 27
1289_0018_0008_0065_0065.jpg 1 18 8 65 65
1290_0019_0040_0028_0028.jpg 1 19 40 28 28
1291_0022_0022_0036_0036.jpg 1 22 22 36 36
1292_0042_0064_0025_0025.jpg 1 42 64 25 25
1293_0022_0049_0044_0044.jpg 1 22 49 44 44
1294_0011_0034_0060_0060.jpg 1 11 34 60 60
1295_0018_0026_0059_0059.jpg 1 18 26 59 59
1296_0007_0038_0057_0057.jpg 1 7 38 57 57
1297_0045_0040_0043_0043.jpg 1 45 40 43 43
1298_0026_0033_0030_0030.jpg 1 26 33 30 30
1299_0011_0023_0069_0069.jpg 1 11 23 69 69
1300_0014_0043_0047_0047.jpg 1 14 43 47 47
1301_0009_0025_0068_0068.jpg 1 9 25 68 68
1302_0014_0010_0050_0050.jpg 1 14 10 50 50
1303_0028_0018_0061_0061.jpg 1 28 18 61 61
1304_0050_0052_0024_0024.jpg 1 50 52 24 24
1305_0044_0029_0047_0047.jpg 1 44 29 47 47
1306_0009_0012_0045_0045.jpg 1 9 12 45 45
1307_0028_0015_0040_0040.jpg 1 28 15 40 40
1308_0039_0010_0041_0041.jpg 1 39 10 41 41
1309_0043_0037_0040_0040.jpg 1 43 37 40 40
1310_0009_0016_0059_0059.jpg 1 9 16 59 59
1311_0032_0014_0024_0024.jpg 1 32 14 24 24
1312_0009_0017_0069_0069.jpg 1 9 17 69 69
1313_0024_0031_0059_0059.jpg 1 24 31 59 59
1314_0043_0022_0051_0051.jpg 1 43 22 51 51
1315_0019_0043_0038_0038.jpg 1 19 43 38 38
1316_0016_0025_0051_0051.jpg 1 16 25 51 51
1317_0054_0058_0035_0035.jpg 1 54 58 35 35
1318_0036_0018_0054_0054.jpg 1 36 18 54 54
1319_0019_0033_0026_0026.jpg 1 19 33 26 26
1320_0028_0020_0064_0064.jpg 1 28 20 64 64
1321_0027_0008_0060_0060.jpg 1 27 8 60 60
1322_0011_0010_0067_0067.jpg 1 11 10 67 67
1323_0059_0036_0029_0029.jpg 1 59 36 29 29
1324_0025_0024_0066_0066.jpg 1 25 24 66 66
1325_0028_0019_0038_0038.jpg 1 28 19 38 38
1326_0012_0012_0061_0061.jpg 1 12 12 61 61
1327_0050_0035_0031_0031.jpg 1 50 35 31 31
1328_0044_0028_0046_0046.jpg 1 44 28 46 46
1329_0043_0022_0045_0045.jpg 1 43 22 45 45
1330_0014_0028_0066_0066.jpg 1 14 28 66 66
